{
  "RSpec": {
    "coverage": {
      "/Users/dwiedenbruch/Documents/ror/projects/tutorials/simple_app/app/controllers/application_controller.rb": [
        1,
        1,
        null
      ],
      "/Users/dwiedenbruch/Documents/ror/projects/tutorials/simple_app/app/helpers/application_helper.rb": [
        1,
        null
      ],
      "/Users/dwiedenbruch/Documents/ror/projects/tutorials/simple_app/app/helpers/teams_helper.rb": [
        1,
        null,
        1,
        0,
        null,
        null,
        1,
        0,
        0,
        null,
        null,
        null,
        null
      ],
      "/Users/dwiedenbruch/Documents/ror/projects/tutorials/simple_app/app/controllers/competition_controller_spec.rb": [
        null,
        null,
        1,
        null,
        1,
        1,
        null,
        1,
        0,
        0,
        null,
        null,
        1,
        0,
        null,
        null,
        1,
        0,
        0,
        null,
        null,
        1,
        0,
        0,
        0,
        0,
        null,
        0,
        null,
        null,
        null,
        1,
        0,
        null,
        null,
        1,
        0,
        0,
        0,
        null,
        0,
        null,
        null,
        null,
        1,
        null,
        1,
        0,
        null,
        null,
        1,
        0,
        null,
        null,
        null
      ],
      "/Users/dwiedenbruch/Documents/ror/projects/tutorials/simple_app/app/models/competition.rb": [
        1,
        1,
        1,
        null,
        1,
        null,
        1,
        null,
        1,
        1,
        null,
        null,
        1,
        null,
        null,
        null,
        null,
        0,
        null,
        null,
        null
      ],
      "/Users/dwiedenbruch/Documents/ror/projects/tutorials/simple_app/app/controllers/teams_controller.rb": [
        null,
        null,
        1,
        null,
        1,
        1,
        null,
        1,
        3,
        3,
        null,
        null,
        1,
        3,
        null,
        null,
        1,
        3,
        3,
        null,
        null,
        1,
        3,
        3,
        2,
        2,
        null,
        1,
        null,
        null,
        null,
        1,
        3,
        null,
        null,
        1,
        3,
        2,
        2,
        null,
        1,
        null,
        null,
        null,
        1,
        null,
        1,
        9,
        null,
        null,
        1,
        18,
        null,
        null,
        null
      ],
      "/Users/dwiedenbruch/Documents/ror/projects/tutorials/simple_app/app/models/team.rb": [
        1,
        1,
        null,
        1,
        null,
        1,
        null,
        null
      ]
    },
    "timestamp": 1362585274
  }
}
